RXSDK/RXSDK-Android/channel/rxsdk_weile/build/intermediates/manifest_merge_blame_file/debug/manifest-merger-blame-debug-report.txt
1<?xml version="1.0" encoding="utf-8"?>
2<manifest xmlns:android="http://schemas.android.com/apk/res/android"
3    package="com.ruixue.sdk" >
4
5    <uses-sdk android:minSdkVersion="21" />
5-->src/main/AndroidManifest.xml
6
7    <queries>
7-->src/main/AndroidManifest.xml:4:5-11:15
8        <package android:name="com.tencent.mm" />
8-->src/main/AndroidManifest.xml:5:9-50
8-->src/main/AndroidManifest.xml:5:18-47
9        <!-- 正式环境 -->
10        <package android:name="com.eg.android.AlipayGphone" />
10-->src/main/AndroidManifest.xml:7:9-63
10-->src/main/AndroidManifest.xml:7:18-60
11        <!-- 沙箱环境 -->
12        <package android:name="com.eg.android.AlipayGphoneRC" />
12-->src/main/AndroidManifest.xml:9:9-65
12-->src/main/AndroidManifest.xml:9:18-62
13        <package android:name="hk.alipay.wallet" />
13-->src/main/AndroidManifest.xml:10:9-52
13-->src/main/AndroidManifest.xml:10:18-49
14    </queries>
15
16</manifest>